# JRE version: Java(TM) SE Runtime Environment (17.0.10+11) (build 17.0.10+11-LTS-240)
# Java VM: Java HotSpot(TM) 64-Bit Server VM (17.0.10+11-LTS-240, mixed mode, emulated-client, sharing, tiered, compressed oops, compressed class ptrs, g1 gc, windows-amd64)
GC Precious Log:
 CPUs: 4 total, 4 available
 Memory: 4095M
 Large Page Support: Disabled
 NUMA Support: Disabled
 Compressed Oops: Enabled (32-bit)
 Heap Region Size: 1M
 Heap Min Capacity: 8M
 Heap Initial Capacity: 64M
 Heap Max Capacity: 1G
 Pre-touch: Disabled
 Parallel Workers: 4
 Concurrent Workers: 1
 Concurrent Refinement Workers: 4
 Periodic GC: Disabled
Heap:
 garbage-first heap   total 111616K, used 36365K [0x00000000c0000000, 0x0000000100000000)
  region size 1024K, 6 young (6144K), 6 survivors (6144K)
 Metaspace       used 68136K, committed 68672K, reserved 1114112K
  class space    used 10122K, committed 10368K, reserved 1048576K
GC Heap History (20 events):
Event: 10.178 GC heap after
{Heap after GC invocations=9 (full 0):
 garbage-first heap   total 61440K, used 18365K [0x00000000c0000000, 0x0000000100000000)
  region size 1024K, 3 young (3072K), 3 survivors (3072K)
 Metaspace       used 27879K, committed 28288K, reserved 1114112K
  class space    used 3953K, committed 4160K, reserved 1048576K
}
Event: 11.834 GC heap before
{Heap before GC invocations=9 (full 0):
 garbage-first heap   total 61440K, used 42941K [0x00000000c0000000, 0x0000000100000000)
  region size 1024K, 28 young (28672K), 3 survivors (3072K)
 Metaspace       used 31169K, committed 31616K, reserved 1114112K
  class space    used 4396K, committed 4608K, reserved 1048576K
}
Event: 11.867 GC heap after
{Heap after GC invocations=10 (full 0):
 garbage-first heap   total 61440K, used 20060K [0x00000000c0000000, 0x0000000100000000)
  region size 1024K, 2 young (2048K), 2 survivors (2048K)
 Metaspace       used 31169K, committed 31616K, reserved 1114112K
  class space    used 4396K, committed 4608K, reserved 1048576K
}
Event: 13.249 GC heap before
{Heap before GC invocations=10 (full 0):
 garbage-first heap   total 61440K, used 36444K [0x00000000c0000000, 0x0000000100000000)
  region size 1024K, 20 young (20480K), 2 survivors (2048K)
 Metaspace       used 35521K, committed 35968K, reserved 1114112K
  class space    used 5075K, committed 5248K, reserved 1048576K
}
Event: 13.269 GC heap after
{Heap after GC invocations=11 (full 0):
 garbage-first heap   total 61440K, used 20795K [0x00000000c0000000, 0x0000000100000000)
  region size 1024K, 3 young (3072K), 3 survivors (3072K)
 Metaspace       used 35521K, committed 35968K, reserved 1114112K
  class space    used 5075K, committed 5248K, reserved 1048576K
}
Event: 16.315 GC heap before
{Heap before GC invocations=12 (full 0):
 garbage-first heap   total 61440K, used 46395K [0x00000000c0000000, 0x0000000100000000)
  region size 1024K, 29 young (29696K), 3 survivors (3072K)
 Metaspace       used 42191K, committed 42624K, reserved 1114112K
  class space    used 5990K, committed 6208K, reserved 1048576K
}
Event: 16.458 GC heap after
{Heap after GC invocations=13 (full 0):
 garbage-first heap   total 61440K, used 23498K [0x00000000c0000000, 0x0000000100000000)
  region size 1024K, 4 young (4096K), 4 survivors (4096K)
 Metaspace       used 42191K, committed 42624K, reserved 1114112K
  class space    used 5990K, committed 6208K, reserved 1048576K
}
Event: 16.593 GC heap before
{Heap before GC invocations=13 (full 0):
 garbage-first heap   total 61440K, used 24522K [0x00000000c0000000, 0x0000000100000000)
  region size 1024K, 5 young (5120K), 4 survivors (4096K)
 Metaspace       used 42239K, committed 42688K, reserved 1114112K
  class space    used 5999K, committed 6208K, reserved 1048576K
}
Event: 16.674 GC heap after
{Heap after GC invocations=14 (full 0):
 garbage-first heap   total 111616K, used 23850K [0x00000000c0000000, 0x0000000100000000)
  region size 1024K, 1 young (1024K), 1 survivors (1024K)
 Metaspace       used 42239K, committed 42688K, reserved 1114112K
  class space    used 5999K, committed 6208K, reserved 1048576K
}
Event: 22.530 GC heap before
{Heap before GC invocations=14 (full 0):
 garbage-first heap   total 111616K, used 83242K [0x00000000c0000000, 0x0000000100000000)
  region size 1024K, 59 young (60416K), 1 survivors (1024K)
 Metaspace       used 53942K, committed 54464K, reserved 1114112K
  class space    used 7828K, committed 8064K, reserved 1048576K
}
Event: 22.566 GC heap after
{Heap after GC invocations=15 (full 0):
 garbage-first heap   total 111616K, used 25618K [0x00000000c0000000, 0x0000000100000000)
  region size 1024K, 3 young (3072K), 3 survivors (3072K)
 Metaspace       used 53942K, committed 54464K, reserved 1114112K
  class space    used 7828K, committed 8064K, reserved 1048576K
}
Event: 26.367 GC heap before
{Heap before GC invocations=15 (full 0):
 garbage-first heap   total 111616K, used 68626K [0x00000000c0000000, 0x0000000100000000)
  region size 1024K, 46 young (47104K), 3 survivors (3072K)
 Metaspace       used 59697K, committed 60160K, reserved 1114112K
  class space    used 8687K, committed 8896K, reserved 1048576K
}
Event: 26.444 GC heap after
{Heap after GC invocations=16 (full 0):
 garbage-first heap   total 111616K, used 28735K [0x00000000c0000000, 0x0000000100000000)
  region size 1024K, 6 young (6144K), 6 survivors (6144K)
 Metaspace       used 59697K, committed 60160K, reserved 1114112K
  class space    used 8687K, committed 8896K, reserved 1048576K
}
Event: 28.634 GC heap before
{Heap before GC invocations=17 (full 0):
 garbage-first heap   total 111616K, used 87103K [0x00000000c0000000, 0x0000000100000000)
  region size 1024K, 63 young (64512K), 6 survivors (6144K)
 Metaspace       used 62871K, committed 63488K, reserved 1114112K
  class space    used 9365K, committed 9664K, reserved 1048576K
}
Event: 28.716 GC heap after
{Heap after GC invocations=18 (full 0):
 garbage-first heap   total 111616K, used 31455K [0x00000000c0000000, 0x0000000100000000)
  region size 1024K, 6 young (6144K), 6 survivors (6144K)
 Metaspace       used 62871K, committed 63488K, reserved 1114112K
  class space    used 9365K, committed 9664K, reserved 1048576K
}
Event: 28.757 GC heap before
{Heap before GC invocations=18 (full 0):
 garbage-first heap   total 111616K, used 32479K [0x00000000c0000000, 0x0000000100000000)
  region size 1024K, 7 young (7168K), 6 survivors (6144K)
 Metaspace       used 62899K, committed 63488K, reserved 1114112K
  class space    used 9367K, committed 9664K, reserved 1048576K
}
Event: 28.846 GC heap after
{Heap after GC invocations=19 (full 0):
 garbage-first heap   total 111616K, used 31970K [0x00000000c0000000, 0x0000000100000000)
  region size 1024K, 1 young (1024K), 1 survivors (1024K)
 Metaspace       used 62899K, committed 63488K, reserved 1114112K
  class space    used 9367K, committed 9664K, reserved 1048576K
}
Event: 30.478 GC heap before
{Heap before GC invocations=19 (full 0):
 garbage-first heap   total 111616K, used 88290K [0x00000000c0000000, 0x0000000100000000)
  region size 1024K, 56 young (57344K), 1 survivors (1024K)
 Metaspace       used 64218K, committed 64768K, reserved 1114112K
  class space    used 9544K, committed 9792K, reserved 1048576K
}
Event: 30.489 GC heap after
{Heap after GC invocations=20 (full 0):
 garbage-first heap   total 111616K, used 32680K [0x00000000c0000000, 0x0000000100000000)
  region size 1024K, 2 young (2048K), 2 survivors (2048K)
 Metaspace       used 64218K, committed 64768K, reserved 1114112K
  class space    used 9544K, committed 9792K, reserved 1048576K
}
Event: 34.050 GC heap before
{Heap before GC invocations=21 (full 0):
 garbage-first heap   total 111616K, used 90024K [0x00000000c0000000, 0x0000000100000000)
  region size 1024K, 58 young (59392K), 2 survivors (2048K)
 Metaspace       used 68136K, committed 68672K, reserved 1114112K
  class space    used 10122K, committed 10368K, reserved 1048576K
}

